Release 12.3 - xst M.70d (nt)
Copyright (c) 1995-2010 Xilinx, Inc.  All rights reserved.
--> Parameter TMPDIR set to xst/projnav.tmp


Total REAL time to Xst completion: 0.00 secs
Total CPU time to Xst completion: 0.09 secs
 
--> Parameter xsthdpdir set to xst


Total REAL time to Xst completion: 0.00 secs
Total CPU time to Xst completion: 0.09 secs
 
--> Reading design: clk1.prj

TABLE OF CONTENTS
  1) Synthesis Options Summary
  2) HDL Compilation
  3) Design Hierarchy Analysis
  4) HDL Analysis
  5) HDL Synthesis
     5.1) HDL Synthesis Report
  6) Advanced HDL Synthesis
     6.1) Advanced HDL Synthesis Report
  7) Low Level Synthesis
  8) Partition Report
  9) Final Report
	9.1) Device utilization summary
	9.2) Partition Resource Summary
	9.3) TIMING REPORT


=========================================================================
*                      Synthesis Options Summary                        *
=========================================================================
---- Source Parameters
Input File Name                    : "clk1.prj"
Input Format                       : mixed
Ignore Synthesis Constraint File   : NO

---- Target Parameters
Output File Name                   : "clk1"
Output Format                      : NGC
Target Device                      : xc3s500e-5-fg320

---- Source Options
Top Module Name                    : clk1
Automatic FSM Extraction           : YES
FSM Encoding Algorithm             : Auto
Safe Implementation                : No
FSM Style                          : LUT
RAM Extraction                     : Yes
RAM Style                          : Auto
ROM Extraction                     : Yes
Mux Style                          : Auto
Decoder Extraction                 : YES
Priority Encoder Extraction        : Yes
Shift Register Extraction          : YES
Logical Shifter Extraction         : YES
XOR Collapsing                     : YES
ROM Style                          : Auto
Mux Extraction                     : Yes
Resource Sharing                   : YES
Asynchronous To Synchronous        : NO
Multiplier Style                   : Auto
Automatic Register Balancing       : No

---- Target Options
Add IO Buffers                     : YES
Global Maximum Fanout              : 500
Add Generic Clock Buffer(BUFG)     : 24
Register Duplication               : YES
Slice Packing                      : YES
Optimize Instantiated Primitives   : NO
Use Clock Enable                   : Yes
Use Synchronous Set                : Yes
Use Synchronous Reset              : Yes
Pack IO Registers into IOBs        : Auto
Equivalent register Removal        : YES

---- General Options
Optimization Goal                  : Speed
Optimization Effort                : 1
Keep Hierarchy                     : No
Netlist Hierarchy                  : As_Optimized
RTL Output                         : Yes
Global Optimization                : AllClockNets
Read Cores                         : YES
Write Timing Constraints           : NO
Cross Clock Analysis               : NO
Hierarchy Separator                : /
Bus Delimiter                      : <>
Case Specifier                     : Maintain
Slice Utilization Ratio            : 100
BRAM Utilization Ratio             : 100
Verilog 2001                       : YES
Auto BRAM Packing                  : NO
Slice Utilization Ratio Delta      : 5

=========================================================================


=========================================================================
*                          HDL Compilation                              *
=========================================================================
Compiling verilog file "clk1.v" in library work
Module <clk1> compiled
No errors in compilation
Analysis of file <"clk1.prj"> succeeded.
 

=========================================================================
*                     Design Hierarchy Analysis                         *
=========================================================================
Analyzing hierarchy for module <clk1> in library <work>.


=========================================================================
*                            HDL Analysis                               *
=========================================================================
Analyzing top module <clk1>.
Module <clk1> is correct for synthesis.
 

=========================================================================
*                           HDL Synthesis                               *
=========================================================================

Performing bidirectional port resolution...

Synthesizing Unit <clk1>.
    Related source file is "clk1.v".
    Found 1-bit register for signal <sample_clk>.
    Found 15-bit up counter for signal <clk_counter>.
    Summary:
	inferred   1 Counter(s).
	inferred   1 D-type flip-flop(s).
Unit <clk1> synthesized.


=========================================================================
HDL Synthesis Report

Macro Statistics
# Counters                                             : 1
 15-bit up counter                                     : 1
# Registers                                            : 1
 1-bit register                                        : 1

=========================================================================

=========================================================================
*                       Advanced HDL Synthesis                          *
=========================================================================


=========================================================================
Advanced HDL Synthesis Report

Macro Statistics
# Counters                                             : 1
 15-bit up counter                                     : 1
# Registers                                            : 1
 Flip-Flops                                            : 1

=========================================================================

=========================================================================
*                         Low Level Synthesis                           *
=========================================================================

Optimizing unit <clk1> ...

Mapping all equations...
Building and optimizing final netlist ...
Found area constraint ratio of 100 (+ 5) on block clk1, actual ratio is 0.

Final Macro Processing ...

=========================================================================
Final Register Report

Macro Statistics
# Registers                                            : 16
 Flip-Flops                                            : 16

=========================================================================

=========================================================================
*                           Partition Report                            *
=========================================================================

Partition Implementation Status
-------------------------------

  No Partitions were found in this design.

-------------------------------

=========================================================================
*                            Final Report                               *
=========================================================================
Final Results
RTL Top Level Output File Name     : clk1.ngr
Top Level Output File Name         : clk1
Output Format                      : NGC
Optimization Goal                  : Speed
Keep Hierarchy                     : No

Design Statistics
# IOs                              : 3

Cell Usage :
# BELS                             : 67
#      GND                         : 1
#      INV                         : 2
#      LUT1                        : 14
#      LUT2                        : 15
#      LUT3                        : 1
#      LUT4                        : 3
#      LUT4_L                      : 1
#      MUXCY                       : 14
#      VCC                         : 1
#      XORCY                       : 15
# FlipFlops/Latches                : 16
#      FDC                         : 16
# Clock Buffers                    : 1
#      BUFGP                       : 1
# IO Buffers                       : 2
#      IBUF                        : 1
#      OBUF                        : 1
=========================================================================

Device utilization summary:
---------------------------

Selected Device : 3s500efg320-5 

 Number of Slices:                       19  out of   4656     0%  
 Number of Slice Flip Flops:             16  out of   9312     0%  
 Number of 4 input LUTs:                 36  out of   9312     0%  
 Number of IOs:                           3
 Number of bonded IOBs:                   3  out of    232     1%  
 Number of GCLKs:                         1  out of     24     4%  

---------------------------
Partition Resource Summary:
---------------------------

  No Partitions were found in this design.

---------------------------


=========================================================================
TIMING REPORT

NOTE: THESE TIMING NUMBERS ARE ONLY A SYNTHESIS ESTIMATE.
      FOR ACCURATE TIMING INFORMATION PLEASE REFER TO THE TRACE REPORT
      GENERATED AFTER PLACE-and-ROUTE.

Clock Information:
------------------
-----------------------------------+------------------------+-------+
Clock Signal                       | Clock buffer(FF name)  | Load  |
-----------------------------------+------------------------+-------+
clk                                | BUFGP                  | 16    |
-----------------------------------+------------------------+-------+

Asynchronous Control Signals Information:
----------------------------------------
-----------------------------------+------------------------+-------+
Control Signal                     | Buffer(FF name)        | Load  |
-----------------------------------+------------------------+-------+
rst_n_inv(rst_n_inv1_INV_0:O)      | NONE(clk_counter_0)    | 16    |
-----------------------------------+------------------------+-------+

Timing Summary:
---------------
Speed Grade: -5

   Minimum period: 4.685ns (Maximum Frequency: 213.449MHz)
   Minimum input arrival time before clock: No path found
   Maximum output required time after clock: 4.040ns
   Maximum combinational path delay: No path found

Timing Detail:
--------------
All values displayed in nanoseconds (ns)

=========================================================================
Timing constraint: Default period analysis for Clock 'clk'
  Clock period: 4.685ns (frequency: 213.449MHz)
  Total number of paths / destination ports: 360 / 16
-------------------------------------------------------------------------
Delay:               4.685ns (Levels of Logic = 16)
  Source:            clk_counter_1 (FF)
  Destination:       clk_counter_14 (FF)
  Source Clock:      clk rising
  Destination Clock: clk rising

  Data Path: clk_counter_1 to clk_counter_14
                                Gate     Net
    Cell:in->out      fanout   Delay   Delay  Logical Name (Net Name)
    ----------------------------------------  ------------
     FDC:C->Q              2   0.514   0.532  clk_counter_1 (clk_counter_1)
     LUT1:I0->O            1   0.612   0.000  Mcount_clk_counter_cy<1>_rt (Mcount_clk_counter_cy<1>_rt)
     MUXCY:S->O            1   0.404   0.000  Mcount_clk_counter_cy<1> (Mcount_clk_counter_cy<1>)
     MUXCY:CI->O           1   0.052   0.000  Mcount_clk_counter_cy<2> (Mcount_clk_counter_cy<2>)
     MUXCY:CI->O           1   0.052   0.000  Mcount_clk_counter_cy<3> (Mcount_clk_counter_cy<3>)
     MUXCY:CI->O           1   0.052   0.000  Mcount_clk_counter_cy<4> (Mcount_clk_counter_cy<4>)
     MUXCY:CI->O           1   0.052   0.000  Mcount_clk_counter_cy<5> (Mcount_clk_counter_cy<5>)
     MUXCY:CI->O           1   0.052   0.000  Mcount_clk_counter_cy<6> (Mcount_clk_counter_cy<6>)
     MUXCY:CI->O           1   0.052   0.000  Mcount_clk_counter_cy<7> (Mcount_clk_counter_cy<7>)
     MUXCY:CI->O           1   0.052   0.000  Mcount_clk_counter_cy<8> (Mcount_clk_counter_cy<8>)
     MUXCY:CI->O           1   0.052   0.000  Mcount_clk_counter_cy<9> (Mcount_clk_counter_cy<9>)
     MUXCY:CI->O           1   0.052   0.000  Mcount_clk_counter_cy<10> (Mcount_clk_counter_cy<10>)
     MUXCY:CI->O           1   0.052   0.000  Mcount_clk_counter_cy<11> (Mcount_clk_counter_cy<11>)
     MUXCY:CI->O           1   0.052   0.000  Mcount_clk_counter_cy<12> (Mcount_clk_counter_cy<12>)
     MUXCY:CI->O           0   0.052   0.000  Mcount_clk_counter_cy<13> (Mcount_clk_counter_cy<13>)
     XORCY:CI->O           1   0.699   0.426  Mcount_clk_counter_xor<14> (Result<14>)
     LUT2:I1->O            1   0.612   0.000  Mcount_clk_counter_eqn_141 (Mcount_clk_counter_eqn_14)
     FDC:D                     0.268          clk_counter_14
    ----------------------------------------
    Total                      4.685ns (3.727ns logic, 0.958ns route)
                                       (79.6% logic, 20.4% route)

=========================================================================
Timing constraint: Default OFFSET OUT AFTER for Clock 'clk'
  Total number of paths / destination ports: 1 / 1
-------------------------------------------------------------------------
Offset:              4.040ns (Levels of Logic = 1)
  Source:            sample_clk (FF)
  Destination:       sample_clk (PAD)
  Source Clock:      clk rising

  Data Path: sample_clk to sample_clk
                                Gate     Net
    Cell:in->out      fanout   Delay   Delay  Logical Name (Net Name)
    ----------------------------------------  ------------
     FDC:C->Q              1   0.514   0.357  sample_clk (sample_clk_OBUF)
     OBUF:I->O                 3.169          sample_clk_OBUF (sample_clk)
    ----------------------------------------
    Total                      4.040ns (3.683ns logic, 0.357ns route)
                                       (91.2% logic, 8.8% route)

=========================================================================


Total REAL time to Xst completion: 2.00 secs
Total CPU time to Xst completion: 2.43 secs
 
--> 

Total memory usage is 233080 kilobytes

Number of errors   :    0 (   0 filtered)
Number of warnings :    0 (   0 filtered)
Number of infos    :    0 (   0 filtered)

