(0000) 3000  0011000000000000 (   1)                 .ORIG x3000
(3000) F021  1111000000100001 (   2)                 TRAP  x21
(3001) 484C  0100100001001100 (   3)                 JSR   max30102_init
(3002) F021  1111000000100001 (   4)                 TRAP  x21
(3003) 206B  0010000001101011 (   5)                 LD    R0 LED1I_address
(3004) 481D  0100100000011101 (   6)                 JSR   max30102_Bus_Read
(3005) 1220  0001001000100000 (   7)                 ADD   R1 R0 #0
(3006) F021  1111000000100001 (   8)                 TRAP  x21
(3007) 2067  0010000001100111 (   9)                 LD    R0 LED1I_address
(3008) 4801  0100100000000001 (  10)                 JSR   max30102_Bus_Write
(3009) F025  1111000000100101 (  11)                 TRAP  x25
(300A) 1DBE  0001110110111110 (  13) max30102_Bus_Write ADD   R6 R6 #-2
(300B) 7180  0111000110000000 (  14)                 STR   R0 R6 #0
(300C) 7F81  0111111110000001 (  15)                 STR   R7 R6 #1
(300D) F028  1111000000101000 (  16)                 TRAP  x28
(300E) 205D  0010000001011101 (  17)                 LD    R0 max30102_WR_address
(300F) F029  1111000000101001 (  18)                 TRAP  x29
(3010) F02A  1111000000101010 (  19)                 TRAP  x2A
(3011) 1020  0001000000100000 (  20)                 ADD   R0 R0 #0
(3012) 020A  0000001000001010 (  21)                 BRP   WR_FAIL
(3013) 6180  0110000110000000 (  22)                 LDR   R0 R6 #0
(3014) F029  1111000000101001 (  23)                 TRAP  x29
(3015) F02A  1111000000101010 (  24)                 TRAP  x2A
(3016) 1020  0001000000100000 (  25)                 ADD   R0 R0 #0
(3017) 0205  0000001000000101 (  26)                 BRP   WR_FAIL
(3018) 1060  0001000001100000 (  27)                 ADD   R0 R1 #0
(3019) F029  1111000000101001 (  28)                 TRAP  x29
(301A) F02A  1111000000101010 (  29)                 TRAP  x2A
(301B) 1020  0001000000100000 (  30)                 ADD   R0 R0 #0
(301C) 0200  0000001000000000 (  31)                 BRP   WR_FAIL
(301D) F02C  1111000000101100 (  32) WR_FAIL         TRAP  x2C
(301E) 6180  0110000110000000 (  33)                 LDR   R0 R6 #0
(301F) 6F81  0110111110000001 (  34)                 LDR   R7 R6 #1
(3020) 1DA2  0001110110100010 (  35)                 ADD   R6 R6 #2
(3021) C1C0  1100000111000000 (  36)                 RET   
(3022) 1DBE  0001110110111110 (  39) max30102_Bus_Read ADD   R6 R6 #-2
(3023) 7180  0111000110000000 (  40)                 STR   R0 R6 #0
(3024) 7F81  0111111110000001 (  41)                 STR   R7 R6 #1
(3025) F028  1111000000101000 (  42)                 TRAP  x28
(3026) 2045  0010000001000101 (  43)                 LD    R0 max30102_WR_address
(3027) F029  1111000000101001 (  44)                 TRAP  x29
(3028) F02A  1111000000101010 (  45)                 TRAP  x2A
(3029) 1020  0001000000100000 (  46)                 ADD   R0 R0 #0
(302A) 020F  0000001000001111 (  47)                 BRP   RD_FAIL
(302B) 6180  0110000110000000 (  48)                 LDR   R0 R6 #0
(302C) F029  1111000000101001 (  49)                 TRAP  x29
(302D) F02A  1111000000101010 (  50)                 TRAP  x2A
(302E) 1020  0001000000100000 (  51)                 ADD   R0 R0 #0
(302F) 020A  0000001000001010 (  52)                 BRP   RD_FAIL
(3030) F028  1111000000101000 (  53)                 TRAP  x28
(3031) 203A  0010000000111010 (  54)                 LD    R0 max30102_WR_address
(3032) 1021  0001000000100001 (  55)                 ADD   R0 R0 #1
(3033) F029  1111000000101001 (  56)                 TRAP  x29
(3034) F02A  1111000000101010 (  57)                 TRAP  x2A
(3035) 1020  0001000000100000 (  58)                 ADD   R0 R0 #0
(3036) 0203  0000001000000011 (  59)                 BRP   RD_FAIL
(3037) F02B  1111000000101011 (  60)                 TRAP  x2B
(3038) 7180  0111000110000000 (  61)                 STR   R0 R6 #0
(3039) F02A  1111000000101010 (  62)                 TRAP  x2A
(303A) F02C  1111000000101100 (  63) RD_FAIL         TRAP  x2C
(303B) 6180  0110000110000000 (  64)                 LDR   R0 R6 #0
(303C) 6F81  0110111110000001 (  65)                 LDR   R7 R6 #1
(303D) 1DA2  0001110110100010 (  66)                 ADD   R6 R6 #2
(303E) C1C0  1100000111000000 (  67)                 RET   
(303F) 1DBE  0001110110111110 (  70) max30102_sample_Read ADD   R6 R6 #-2
(3040) 7180  0111000110000000 (  71)                 STR   R0 R6 #0
(3041) 7F81  0111111110000001 (  72)                 STR   R7 R6 #1
(3042) 202A  0010000000101010 (  73)                 LD    R0 FIFO_DATA_address
(3043) 4FDE  0100111111011110 (  74)                 JSR   max30102_Bus_Read
(3044) 7180  0111000110000000 (  75)                 STR   R0 R6 #0
(3045) 2027  0010000000100111 (  76)                 LD    R0 FIFO_DATA_address
(3046) 4FDB  0100111111011011 (  77)                 JSR   max30102_Bus_Read
(3047) 7181  0111000110000001 (  78)                 STR   R0 R6 #1
(3048) 2024  0010000000100100 (  79)                 LD    R0 FIFO_DATA_address
(3049) 4FD8  0100111111011000 (  80)                 JSR   max30102_Bus_Read
(304A) 7182  0111000110000010 (  81)                 STR   R0 R6 #2
(304B) 6F81  0110111110000001 (  82)                 LDR   R7 R6 #1
(304C) 1DA2  0001110110100010 (  83)                 ADD   R6 R6 #2
(304D) C1C0  1100000111000000 (  84)                 RET   
(304E) 1DBA  0001110110111010 (  87) max30102_init   ADD   R6 R6 #-6
(304F) 7180  0111000110000000 (  88)                 STR   R0 R6 #0
(3050) 7381  0111001110000001 (  89)                 STR   R1 R6 #1
(3051) 7582  0111010110000010 (  90)                 STR   R2 R6 #2
(3052) 7783  0111011110000011 (  91)                 STR   R3 R6 #3
(3053) 7984  0111100110000100 (  92)                 STR   R4 R6 #4
(3054) 7F85  0111111110000101 (  93)                 STR   R7 R6 #5
(3055) E423  1110010000100011 (  94)                 LEA   R2 INIT_DATA
(3056) 2821  0010100000100001 (  95)                 LD    R4 INIT_NUM_I
(3057) 993F  1001100100111111 (  96)                 NOT   R4 R4
(3058) 1921  0001100100100001 (  97)                 ADD   R4 R4 #1
(3059) 56E0  0101011011100000 (  98)                 AND   R3 R3 #0
(305A) 10C4  0001000011000100 (  99) LOOP            ADD   R0 R3 R4
(305B) 0407  0000010000000111 ( 100)                 BRZ   LOOP_END
(305C) 10C3  0001000011000011 ( 101)                 ADD   R0 R3 R3
(305D) 1080  0001000010000000 ( 102)                 ADD   R0 R2 R0
(305E) 6201  0110001000000001 ( 103)                 LDR   R1 R0 #1
(305F) 6000  0110000000000000 ( 104)                 LDR   R0 R0 #0
(3060) 4FA9  0100111110101001 ( 105)                 JSR   max30102_Bus_Write
(3061) 16E1  0001011011100001 ( 106)                 ADD   R3 R3 #1
(3062) 0FF7  0000111111110111 ( 107)                 BRNZP LOOP
(3063) 6180  0110000110000000 ( 108) LOOP_END        LDR   R0 R6 #0
(3064) 6381  0110001110000001 ( 109)                 LDR   R1 R6 #1
(3065) 6582  0110010110000010 ( 110)                 LDR   R2 R6 #2
(3066) 6783  0110011110000011 ( 111)                 LDR   R3 R6 #3
(3067) 6984  0110100110000100 ( 112)                 LDR   R4 R6 #4
(3068) 6F85  0110111110000101 ( 113)                 LDR   R7 R6 #5
(3069) 1DA6  0001110110100110 ( 114)                 ADD   R6 R6 #6
(306A) C1C0  1100000111000000 ( 115)                 RET   
(306B) 03E8  0000001111101000 ( 117) TIME            .FILL x03E8
(306C) 00AE  0000000010101110 ( 118) max30102_WR_address .FILL x00AE
(306D) 0007  0000000000000111 ( 119) FIFO_DATA_address .FILL x0007
(306E) 001F  0000000000011111 ( 120) TEMP_address    .FILL x001F
(306F) 000C  0000000000001100 ( 121) LED1I_address   .FILL x000C
(3070) 0001  0000000000000001 ( 122) ONE             .FILL x0001
(3071) 0000  0000000000000000 ( 123) ZERO            .FILL x0000
(3072) 0030  0000000000110000 ( 124) ASCII_0         .FILL x0030
(3073) 7E10  0111111000010000 ( 125) SCLER_ADDR      .FILL x7E10
(3074) 004F  0000000001001111 ( 126) DONE_STR        .FILL x004F
(3075) 004B  0000000001001011 ( 126)                 .FILL x004B
(3076) 0021  0000000000100001 ( 126)                 .FILL x0021
(3077) 0000  0000000000000000 ( 126)                 .FILL x0000
(3078) 000B  0000000000001011 ( 127) INIT_NUM_I      .FILL x000B
(3079) 0009  0000000000001001 ( 128) INIT_DATA       .FILL x0009
(307A) 000B  0000000000001011 ( 129)                 .FILL x000B
(307B) 0001  0000000000000001 ( 130)                 .FILL x0001
(307C) 00F0  0000000011110000 ( 131)                 .FILL x00F0
(307D) 0000  0000000000000000 ( 132)                 .FILL x0000
(307E) 0000  0000000000000000 ( 133)                 .FILL x0000
(307F) 0003  0000000000000011 ( 134)                 .FILL x0003
(3080) 0002  0000000000000010 ( 135)                 .FILL x0002
(3081) 0021  0000000000100001 ( 136)                 .FILL x0021
(3082) 0001  0000000000000001 ( 137)                 .FILL x0001
(3083) 000A  0000000000001010 ( 138)                 .FILL x000A
(3084) 0047  0000000001000111 ( 139)                 .FILL x0047
(3085) 000C  0000000000001100 ( 140)                 .FILL x000C
(3086) 0047  0000000001000111 ( 141)                 .FILL x0047
(3087) 000D  0000000000001101 ( 142)                 .FILL x000D
(3088) 0047  0000000001000111 ( 143)                 .FILL x0047
(3089) 0004  0000000000000100 ( 144)                 .FILL x0004
(308A) 0000  0000000000000000 ( 145)                 .FILL x0000
(308B) 0005  0000000000000101 ( 146)                 .FILL x0005
(308C) 0000  0000000000000000 ( 147)                 .FILL x0000
(308D) 0006  0000000000000110 ( 148)                 .FILL x0006
(308E) 0000  0000000000000000 ( 149)                 .FILL x0000
(308F) 4000  0100000000000000 ( 150) DATA_addr       .FILL x4000
