(0000) 3000  0011000000000000 (   1)                 .ORIG x3000
(3000) E014  1110000000010100 (   2)                 LEA   R0 DATA_BUFF
(3001) 5220  0101001000100000 (   3)                 AND   R1 R0 #0
(3002) 4801  0100100000000001 (   4)                 JSR   uart_send
(3003) F025  1111000000100101 (   5)                 TRAP  x25
(3004) 1DBE  0001110110111110 (   7) uart_send       ADD   R6 R6 #-2
(3005) 7580  0111010110000000 (   8)                 STR   R2 R6 #0
(3006) 7781  0111011110000001 (   9)                 STR   R3 R6 #1
(3007) 127F  0001001001111111 (  10) SEND_LOOP       ADD   R1 R1 #-1
(3008) 0806  0000100000000110 (  11)                 BRN   SEND_DONE
(3009) 6400  0110010000000000 (  12)                 LDR   R2 R0 #0
(300A) 1021  0001000000100001 (  13)                 ADD   R0 R0 #1
(300B) A607  1010011000000111 (  14) WAIT            LDI   R3 UARTSR_ADDR
(300C) 07FE  0000011111111110 (  15)                 BRZP  WAIT
(300D) B406  1011010000000110 (  16)                 STI   R2 UARTDR_ADDR
(300E) 0FF8  0000111111111000 (  17)                 BRNZP SEND_LOOP
(300F) 6580  0110010110000000 (  18) SEND_DONE       LDR   R2 R6 #0
(3010) 6781  0110011110000001 (  19)                 LDR   R3 R6 #1
(3011) 1DA2  0001110110100010 (  20)                 ADD   R6 R6 #2
(3012) C1C0  1100000111000000 (  21)                 RET   
(3013) 7E14  0111111000010100 (  22) UARTSR_ADDR     .FILL x7E14
(3014) 7E16  0111111000010110 (  23) UARTDR_ADDR     .FILL x7E16
(3015) 0031  0000000000110001 (  24) DATA_BUFF       .FILL x0031
(3016) 0075  0000000001110101 (  25)                 .FILL x0075
(3017) 0012  0000000000010010 (  26)                 .FILL x0012
