(0000) 3000  0011000000000000 (   1)                 .ORIG x3000
(3000) 54A0  0101010010100000 (   2)                 AND   R2 R2 #0
(3001) 14A4  0001010010100100 (   3)                 ADD   R2 R2 #4
(3002) 2627  0010011000100111 (   4)                 LD    R3 DELTA
(3003) 2827  0010100000100111 (   5)                 LD    R4 LINE
(3004) 14BF  0001010010111111 (   6) LOOP1           ADD   R2 R2 #-1
(3005) 080D  0000100000001101 (   7)                 BRN   LP1_END
(3006) 1120  0001000100100000 (   8)                 ADD   R0 R4 #0
(3007) 12A0  0001001010100000 (   9)                 ADD   R1 R2 #0
(3008) F022  1111000000100010 (  10)                 TRAP  x22
(3009) F021  1111000000100001 (  11)                 TRAP  x21
(300A) EA21  1110101000100001 (  12)                 LEA   R5 NUMBER
(300B) 1B40  0001101101000000 (  13)                 ADD   R5 R5 R0
(300C) 6D40  0110110101000000 (  14)                 LDR   R6 R5 #0
(300D) 1DA1  0001110110100001 (  15)                 ADD   R6 R6 #1
(300E) 7D40  0111110101000000 (  16)                 STR   R6 R5 #0
(300F) 1003  0001000000000011 (  17)                 ADD   R0 R0 R3
(3010) 12A0  0001001010100000 (  18)                 ADD   R1 R2 #0
(3011) F022  1111000000100010 (  19)                 TRAP  x22
(3012) 0FF1  0000111111110001 (  20)                 BRNZP LOOP1
(3013) F021  1111000000100001 (  22) LP1_END         TRAP  x21
(3014) 5920  0101100100100000 (  23)                 AND   R4 R4 #0
(3015) 1923  0001100100100011 (  24)                 ADD   R4 R4 #3
(3016) 54A0  0101010010100000 (  25)                 AND   R2 R2 #0
(3017) 14AA  0001010010101010 (  26)                 ADD   R2 R2 #10
(3018) 14BF  0001010010111111 (  27) LOOP2           ADD   R2 R2 #-1
(3019) 080D  0000100000001101 (  28)                 BRN   LP2_END
(301A) EA11  1110101000010001 (  29)                 LEA   R5 NUMBER
(301B) 1B42  0001101101000010 (  30)                 ADD   R5 R5 R2
(301C) 6B40  0110101101000000 (  31)                 LDR   R5 R5 #0
(301D) 1B7F  0001101101111111 (  32) LOOP3           ADD   R5 R5 #-1
(301E) 0807  0000100000000111 (  33)                 BRN   LP3_END
(301F) 10A0  0001000010100000 (  34)                 ADD   R0 R2 #0
(3020) 1083  0001000010000011 (  35)                 ADD   R0 R2 R3
(3021) 1320  0001001100100000 (  36)                 ADD   R1 R4 #0
(3022) F022  1111000000100010 (  37)                 TRAP  x22
(3023) 193F  0001100100111111 (  38)                 ADD   R4 R4 #-1
(3024) 0802  0000100000000010 (  39)                 BRN   LP2_END
(3025) 0FF7  0000111111110111 (  40)                 BRNZP LOOP3
(3026) 0FF1  0000111111110001 (  41) LP3_END         BRNZP LOOP2
(3027) F021  1111000000100001 (  42) LP2_END         TRAP  x21
(3028) F025  1111000000100101 (  43) END             TRAP  x25
(3029) 0FFE  0000111111111110 (  44)                 BRNZP END
(302A) 0030  0000000000110000 (  45) DELTA           .FILL x0030
(302B) 005F  0000000001011111 (  46) LINE            .FILL x005F
(302C) 0000  0000000000000000 (  48) NUMBER          .FILL x0000
(302D) 0000  0000000000000000 (  48)                 .FILL x0000
(302E) 0000  0000000000000000 (  48)                 .FILL x0000
(302F) 0000  0000000000000000 (  48)                 .FILL x0000
(3030) 0000  0000000000000000 (  48)                 .FILL x0000
(3031) 0000  0000000000000000 (  48)                 .FILL x0000
(3032) 0000  0000000000000000 (  48)                 .FILL x0000
(3033) 0000  0000000000000000 (  48)                 .FILL x0000
(3034) 0000  0000000000000000 (  48)                 .FILL x0000
(3035) 0000  0000000000000000 (  48)                 .FILL x0000
