(0000) 0000  0000000000000000 (   1)                 .ORIG x0000
(0000) F025  1111000000100101 (   2)                 TRAP  x25
(0001) 0000  0000000000000000 (   4)                 .FILL x0000
(0002) 0000  0000000000000000 (   4)                 .FILL x0000
(0003) 0000  0000000000000000 (   4)                 .FILL x0000
(0004) 0000  0000000000000000 (   4)                 .FILL x0000
(0005) 0000  0000000000000000 (   4)                 .FILL x0000
(0006) 0000  0000000000000000 (   4)                 .FILL x0000
(0007) 0000  0000000000000000 (   4)                 .FILL x0000
(0008) 0000  0000000000000000 (   4)                 .FILL x0000
(0009) 0000  0000000000000000 (   4)                 .FILL x0000
(000A) 0000  0000000000000000 (   4)                 .FILL x0000
(000B) 0000  0000000000000000 (   4)                 .FILL x0000
(000C) 0000  0000000000000000 (   4)                 .FILL x0000
(000D) 0000  0000000000000000 (   4)                 .FILL x0000
(000E) 0000  0000000000000000 (   4)                 .FILL x0000
(000F) 0000  0000000000000000 (   4)                 .FILL x0000
(0010) 0000  0000000000000000 (   4)                 .FILL x0000
(0011) 0000  0000000000000000 (   4)                 .FILL x0000
(0012) 0000  0000000000000000 (   4)                 .FILL x0000
(0013) 0000  0000000000000000 (   4)                 .FILL x0000
(0014) 0000  0000000000000000 (   4)                 .FILL x0000
(0015) 0000  0000000000000000 (   4)                 .FILL x0000
(0016) 0000  0000000000000000 (   4)                 .FILL x0000
(0017) 0000  0000000000000000 (   4)                 .FILL x0000
(0018) 0000  0000000000000000 (   4)                 .FILL x0000
(0019) 0000  0000000000000000 (   4)                 .FILL x0000
(001A) 0000  0000000000000000 (   4)                 .FILL x0000
(001B) 0000  0000000000000000 (   4)                 .FILL x0000
(001C) 0000  0000000000000000 (   4)                 .FILL x0000
(001D) 0200  0000001000000000 (   4)                 .FILL x0200
(001E) 0223  0000001000100011 (   5)                 .FILL x0223
(001F) 022C  0000001000101100 (   6)                 .FILL x022C
(0020) 025B  0000001001011011 (   7)                 .FILL x025B
(0021) 0266  0000001001100110 (   8)                 .FILL x0266
(0022) 0272  0000001001110010 (   9)                 .FILL x0272
(0023) 0284  0000001010000100 (  10)                 .FILL x0284
(0024) 0299  0000001010011001 (  11)                 .FILL x0299
(0025) 02A9  0000001010101001 (  12)                 .FILL x02A9
(0026) 02B9  0000001010111001 (  13)                 .FILL x02B9
(0027) 02DB  0000001011011011 (  14)                 .FILL x02DB
(0028) 02E8  0000001011101000 (  15)                 .FILL x02E8
(0029) 02F7  0000001011110111 (  16)                 .FILL x02F7
(002A) 0315  0000001100010101 (  17)                 .FILL x0315
(002B) 031F  0000001100011111 (  18)                 .FILL x031F
(002C) 0338  0000001100111000 (  19)                 .FILL x0338
(002D) 0349  0000001101001001 (  20)                 .FILL x0349
(002E) 0357  0000001101010111 (  21)                 .FILL x0357
(002F) 0000  0000000000000000 (  25)                 .FILL x0000
(0030) 0000  0000000000000000 (  25)                 .FILL x0000
(0031) 0000  0000000000000000 (  25)                 .FILL x0000
(0032) 0000  0000000000000000 (  25)                 .FILL x0000
(0033) 0000  0000000000000000 (  25)                 .FILL x0000
(0034) 0000  0000000000000000 (  25)                 .FILL x0000
(0035) 0000  0000000000000000 (  25)                 .FILL x0000
(0036) 0000  0000000000000000 (  25)                 .FILL x0000
(0037) 0000  0000000000000000 (  25)                 .FILL x0000
(0038) 0000  0000000000000000 (  25)                 .FILL x0000
(0039) 0000  0000000000000000 (  25)                 .FILL x0000
(003A) 0000  0000000000000000 (  25)                 .FILL x0000
(003B) 0000  0000000000000000 (  25)                 .FILL x0000
(003C) 0000  0000000000000000 (  25)                 .FILL x0000
(003D) 0000  0000000000000000 (  25)                 .FILL x0000
(003E) 0000  0000000000000000 (  25)                 .FILL x0000
(003F) 0000  0000000000000000 (  25)                 .FILL x0000
(0040) 0000  0000000000000000 (  25)                 .FILL x0000
(0041) 0000  0000000000000000 (  25)                 .FILL x0000
(0042) 0000  0000000000000000 (  25)                 .FILL x0000
(0043) 0000  0000000000000000 (  25)                 .FILL x0000
(0044) 0000  0000000000000000 (  25)                 .FILL x0000
(0045) 0000  0000000000000000 (  25)                 .FILL x0000
(0046) 0000  0000000000000000 (  25)                 .FILL x0000
(0047) 0000  0000000000000000 (  25)                 .FILL x0000
(0048) 0000  0000000000000000 (  25)                 .FILL x0000
(0049) 0000  0000000000000000 (  25)                 .FILL x0000
(004A) 0000  0000000000000000 (  25)                 .FILL x0000
(004B) 0000  0000000000000000 (  25)                 .FILL x0000
(004C) 0000  0000000000000000 (  25)                 .FILL x0000
(004D) 0000  0000000000000000 (  25)                 .FILL x0000
(004E) 0000  0000000000000000 (  25)                 .FILL x0000
(004F) 0000  0000000000000000 (  25)                 .FILL x0000
(0050) 0000  0000000000000000 (  25)                 .FILL x0000
(0051) 0000  0000000000000000 (  25)                 .FILL x0000
(0052) 0000  0000000000000000 (  25)                 .FILL x0000
(0053) 0000  0000000000000000 (  25)                 .FILL x0000
(0054) 0000  0000000000000000 (  25)                 .FILL x0000
(0055) 0000  0000000000000000 (  25)                 .FILL x0000
(0056) 0000  0000000000000000 (  25)                 .FILL x0000
(0057) 0000  0000000000000000 (  25)                 .FILL x0000
(0058) 0000  0000000000000000 (  25)                 .FILL x0000
(0059) 0000  0000000000000000 (  25)                 .FILL x0000
(005A) 0000  0000000000000000 (  25)                 .FILL x0000
(005B) 0000  0000000000000000 (  25)                 .FILL x0000
(005C) 0000  0000000000000000 (  25)                 .FILL x0000
(005D) 0000  0000000000000000 (  25)                 .FILL x0000
(005E) 0000  0000000000000000 (  25)                 .FILL x0000
(005F) 0000  0000000000000000 (  25)                 .FILL x0000
(0060) 0000  0000000000000000 (  25)                 .FILL x0000
(0061) 0000  0000000000000000 (  25)                 .FILL x0000
(0062) 0000  0000000000000000 (  25)                 .FILL x0000
(0063) 0000  0000000000000000 (  25)                 .FILL x0000
(0064) 0000  0000000000000000 (  25)                 .FILL x0000
(0065) 0000  0000000000000000 (  25)                 .FILL x0000
(0066) 0000  0000000000000000 (  25)                 .FILL x0000
(0067) 0000  0000000000000000 (  25)                 .FILL x0000
(0068) 0000  0000000000000000 (  25)                 .FILL x0000
(0069) 0000  0000000000000000 (  25)                 .FILL x0000
(006A) 0000  0000000000000000 (  25)                 .FILL x0000
(006B) 0000  0000000000000000 (  25)                 .FILL x0000
(006C) 0000  0000000000000000 (  25)                 .FILL x0000
(006D) 0000  0000000000000000 (  25)                 .FILL x0000
(006E) 0000  0000000000000000 (  25)                 .FILL x0000
(006F) 0000  0000000000000000 (  25)                 .FILL x0000
(0070) 0000  0000000000000000 (  25)                 .FILL x0000
(0071) 0000  0000000000000000 (  25)                 .FILL x0000
(0072) 0000  0000000000000000 (  25)                 .FILL x0000
(0073) 0000  0000000000000000 (  25)                 .FILL x0000
(0074) 0000  0000000000000000 (  25)                 .FILL x0000
(0075) 0000  0000000000000000 (  25)                 .FILL x0000
(0076) 0000  0000000000000000 (  25)                 .FILL x0000
(0077) 0000  0000000000000000 (  25)                 .FILL x0000
(0078) 0000  0000000000000000 (  25)                 .FILL x0000
(0079) 0000  0000000000000000 (  25)                 .FILL x0000
(007A) 0000  0000000000000000 (  25)                 .FILL x0000
(007B) 0000  0000000000000000 (  25)                 .FILL x0000
(007C) 0000  0000000000000000 (  25)                 .FILL x0000
(007D) 0000  0000000000000000 (  25)                 .FILL x0000
(007E) 0000  0000000000000000 (  25)                 .FILL x0000
(007F) 0000  0000000000000000 (  25)                 .FILL x0000
(0080) 0000  0000000000000000 (  25)                 .FILL x0000
(0081) 0000  0000000000000000 (  25)                 .FILL x0000
(0082) 0000  0000000000000000 (  25)                 .FILL x0000
(0083) 0000  0000000000000000 (  25)                 .FILL x0000
(0084) 0000  0000000000000000 (  25)                 .FILL x0000
(0085) 0000  0000000000000000 (  25)                 .FILL x0000
(0086) 0000  0000000000000000 (  25)                 .FILL x0000
(0087) 0000  0000000000000000 (  25)                 .FILL x0000
(0088) 0000  0000000000000000 (  25)                 .FILL x0000
(0089) 0000  0000000000000000 (  25)                 .FILL x0000
(008A) 0000  0000000000000000 (  25)                 .FILL x0000
(008B) 0000  0000000000000000 (  25)                 .FILL x0000
(008C) 0000  0000000000000000 (  25)                 .FILL x0000
(008D) 0000  0000000000000000 (  25)                 .FILL x0000
(008E) 0000  0000000000000000 (  25)                 .FILL x0000
(008F) 0000  0000000000000000 (  25)                 .FILL x0000
(0090) 0000  0000000000000000 (  25)                 .FILL x0000
(0091) 0000  0000000000000000 (  25)                 .FILL x0000
(0092) 0000  0000000000000000 (  25)                 .FILL x0000
(0093) 0000  0000000000000000 (  25)                 .FILL x0000
(0094) 0000  0000000000000000 (  25)                 .FILL x0000
(0095) 0000  0000000000000000 (  25)                 .FILL x0000
(0096) 0000  0000000000000000 (  25)                 .FILL x0000
(0097) 0000  0000000000000000 (  25)                 .FILL x0000
(0098) 0000  0000000000000000 (  25)                 .FILL x0000
(0099) 0000  0000000000000000 (  25)                 .FILL x0000
(009A) 0000  0000000000000000 (  25)                 .FILL x0000
(009B) 0000  0000000000000000 (  25)                 .FILL x0000
(009C) 0000  0000000000000000 (  25)                 .FILL x0000
(009D) 0000  0000000000000000 (  25)                 .FILL x0000
(009E) 0000  0000000000000000 (  25)                 .FILL x0000
(009F) 0000  0000000000000000 (  25)                 .FILL x0000
(00A0) 0000  0000000000000000 (  25)                 .FILL x0000
(00A1) 0000  0000000000000000 (  25)                 .FILL x0000
(00A2) 0000  0000000000000000 (  25)                 .FILL x0000
(00A3) 0000  0000000000000000 (  25)                 .FILL x0000
(00A4) 0000  0000000000000000 (  25)                 .FILL x0000
(00A5) 0000  0000000000000000 (  25)                 .FILL x0000
(00A6) 0000  0000000000000000 (  25)                 .FILL x0000
(00A7) 0000  0000000000000000 (  25)                 .FILL x0000
(00A8) 0000  0000000000000000 (  25)                 .FILL x0000
(00A9) 0000  0000000000000000 (  25)                 .FILL x0000
(00AA) 0000  0000000000000000 (  25)                 .FILL x0000
(00AB) 0000  0000000000000000 (  25)                 .FILL x0000
(00AC) 0000  0000000000000000 (  25)                 .FILL x0000
(00AD) 0000  0000000000000000 (  25)                 .FILL x0000
(00AE) 0000  0000000000000000 (  25)                 .FILL x0000
(00AF) 0000  0000000000000000 (  25)                 .FILL x0000
(00B0) 0000  0000000000000000 (  25)                 .FILL x0000
(00B1) 0000  0000000000000000 (  25)                 .FILL x0000
(00B2) 0000  0000000000000000 (  25)                 .FILL x0000
(00B3) 0000  0000000000000000 (  25)                 .FILL x0000
(00B4) 0000  0000000000000000 (  25)                 .FILL x0000
(00B5) 0000  0000000000000000 (  25)                 .FILL x0000
(00B6) 0000  0000000000000000 (  25)                 .FILL x0000
(00B7) 0000  0000000000000000 (  25)                 .FILL x0000
(00B8) 0000  0000000000000000 (  25)                 .FILL x0000
(00B9) 0000  0000000000000000 (  25)                 .FILL x0000
(00BA) 0000  0000000000000000 (  25)                 .FILL x0000
(00BB) 0000  0000000000000000 (  25)                 .FILL x0000
(00BC) 0000  0000000000000000 (  25)                 .FILL x0000
(00BD) 0000  0000000000000000 (  25)                 .FILL x0000
(00BE) 0000  0000000000000000 (  25)                 .FILL x0000
(00BF) 0000  0000000000000000 (  25)                 .FILL x0000
(00C0) 0000  0000000000000000 (  25)                 .FILL x0000
(00C1) 0000  0000000000000000 (  25)                 .FILL x0000
(00C2) 0000  0000000000000000 (  25)                 .FILL x0000
(00C3) 0000  0000000000000000 (  25)                 .FILL x0000
(00C4) 0000  0000000000000000 (  25)                 .FILL x0000
(00C5) 0000  0000000000000000 (  25)                 .FILL x0000
(00C6) 0000  0000000000000000 (  25)                 .FILL x0000
(00C7) 0000  0000000000000000 (  25)                 .FILL x0000
(00C8) 0000  0000000000000000 (  25)                 .FILL x0000
(00C9) 0000  0000000000000000 (  25)                 .FILL x0000
(00CA) 0000  0000000000000000 (  25)                 .FILL x0000
(00CB) 0000  0000000000000000 (  25)                 .FILL x0000
(00CC) 0000  0000000000000000 (  25)                 .FILL x0000
(00CD) 0000  0000000000000000 (  25)                 .FILL x0000
(00CE) 0000  0000000000000000 (  25)                 .FILL x0000
(00CF) 0000  0000000000000000 (  25)                 .FILL x0000
(00D0) 0000  0000000000000000 (  25)                 .FILL x0000
(00D1) 0000  0000000000000000 (  25)                 .FILL x0000
(00D2) 0000  0000000000000000 (  25)                 .FILL x0000
(00D3) 0000  0000000000000000 (  25)                 .FILL x0000
(00D4) 0000  0000000000000000 (  25)                 .FILL x0000
(00D5) 0000  0000000000000000 (  25)                 .FILL x0000
(00D6) 0000  0000000000000000 (  25)                 .FILL x0000
(00D7) 0000  0000000000000000 (  25)                 .FILL x0000
(00D8) 0000  0000000000000000 (  25)                 .FILL x0000
(00D9) 0000  0000000000000000 (  25)                 .FILL x0000
(00DA) 0000  0000000000000000 (  25)                 .FILL x0000
(00DB) 0000  0000000000000000 (  25)                 .FILL x0000
(00DC) 0000  0000000000000000 (  25)                 .FILL x0000
(00DD) 0000  0000000000000000 (  25)                 .FILL x0000
(00DE) 0000  0000000000000000 (  25)                 .FILL x0000
(00DF) 0000  0000000000000000 (  25)                 .FILL x0000
(00E0) 0000  0000000000000000 (  25)                 .FILL x0000
(00E1) 0000  0000000000000000 (  25)                 .FILL x0000
(00E2) 0000  0000000000000000 (  25)                 .FILL x0000
(00E3) 0000  0000000000000000 (  25)                 .FILL x0000
(00E4) 0000  0000000000000000 (  25)                 .FILL x0000
(00E5) 0000  0000000000000000 (  25)                 .FILL x0000
(00E6) 0000  0000000000000000 (  25)                 .FILL x0000
(00E7) 0000  0000000000000000 (  25)                 .FILL x0000
(00E8) 0000  0000000000000000 (  25)                 .FILL x0000
(00E9) 0000  0000000000000000 (  25)                 .FILL x0000
(00EA) 0000  0000000000000000 (  25)                 .FILL x0000
(00EB) 0000  0000000000000000 (  25)                 .FILL x0000
(00EC) 0000  0000000000000000 (  25)                 .FILL x0000
(00ED) 0000  0000000000000000 (  25)                 .FILL x0000
(00EE) 0000  0000000000000000 (  25)                 .FILL x0000
(00EF) 0000  0000000000000000 (  25)                 .FILL x0000
(00F0) 0000  0000000000000000 (  25)                 .FILL x0000
(00F1) 0000  0000000000000000 (  25)                 .FILL x0000
(00F2) 0000  0000000000000000 (  25)                 .FILL x0000
(00F3) 0000  0000000000000000 (  25)                 .FILL x0000
(00F4) 0000  0000000000000000 (  25)                 .FILL x0000
(00F5) 0000  0000000000000000 (  25)                 .FILL x0000
(00F6) 0000  0000000000000000 (  25)                 .FILL x0000
(00F7) 0000  0000000000000000 (  25)                 .FILL x0000
(00F8) 0000  0000000000000000 (  25)                 .FILL x0000
(00F9) 0000  0000000000000000 (  25)                 .FILL x0000
(00FA) 0000  0000000000000000 (  25)                 .FILL x0000
(00FB) 0000  0000000000000000 (  25)                 .FILL x0000
(00FC) 0000  0000000000000000 (  25)                 .FILL x0000
(00FD) 0000  0000000000000000 (  25)                 .FILL x0000
(00FE) 0000  0000000000000000 (  25)                 .FILL x0000
(00FF) 0000  0000000000000000 (  25)                 .FILL x0000
(0100) 0000  0000000000000000 (  25)                 .FILL x0000
(0101) 0000  0000000000000000 (  25)                 .FILL x0000
(0102) 0000  0000000000000000 (  25)                 .FILL x0000
(0103) 0000  0000000000000000 (  25)                 .FILL x0000
(0104) 0000  0000000000000000 (  25)                 .FILL x0000
(0105) 0000  0000000000000000 (  25)                 .FILL x0000
(0106) 0000  0000000000000000 (  25)                 .FILL x0000
(0107) 0000  0000000000000000 (  25)                 .FILL x0000
(0108) 0000  0000000000000000 (  25)                 .FILL x0000
(0109) 0000  0000000000000000 (  25)                 .FILL x0000
(010A) 0000  0000000000000000 (  25)                 .FILL x0000
(010B) 0000  0000000000000000 (  25)                 .FILL x0000
(010C) 0000  0000000000000000 (  25)                 .FILL x0000
(010D) 0000  0000000000000000 (  25)                 .FILL x0000
(010E) 0000  0000000000000000 (  25)                 .FILL x0000
(010F) 0000  0000000000000000 (  25)                 .FILL x0000
(0110) 0000  0000000000000000 (  25)                 .FILL x0000
(0111) 0000  0000000000000000 (  25)                 .FILL x0000
(0112) 0000  0000000000000000 (  25)                 .FILL x0000
(0113) 0000  0000000000000000 (  25)                 .FILL x0000
(0114) 0000  0000000000000000 (  25)                 .FILL x0000
(0115) 0000  0000000000000000 (  25)                 .FILL x0000
(0116) 0000  0000000000000000 (  25)                 .FILL x0000
(0117) 0000  0000000000000000 (  25)                 .FILL x0000
(0118) 0000  0000000000000000 (  25)                 .FILL x0000
(0119) 0000  0000000000000000 (  25)                 .FILL x0000
(011A) 0000  0000000000000000 (  25)                 .FILL x0000
(011B) 0000  0000000000000000 (  25)                 .FILL x0000
(011C) 0000  0000000000000000 (  25)                 .FILL x0000
(011D) 0000  0000000000000000 (  25)                 .FILL x0000
(011E) 0000  0000000000000000 (  25)                 .FILL x0000
(011F) 0000  0000000000000000 (  25)                 .FILL x0000
(0120) 0000  0000000000000000 (  25)                 .FILL x0000
(0121) 0000  0000000000000000 (  25)                 .FILL x0000
(0122) 0000  0000000000000000 (  25)                 .FILL x0000
(0123) 0000  0000000000000000 (  25)                 .FILL x0000
(0124) 0000  0000000000000000 (  25)                 .FILL x0000
(0125) 0000  0000000000000000 (  25)                 .FILL x0000
(0126) 0000  0000000000000000 (  25)                 .FILL x0000
(0127) 0000  0000000000000000 (  25)                 .FILL x0000
(0128) 0000  0000000000000000 (  25)                 .FILL x0000
(0129) 0000  0000000000000000 (  25)                 .FILL x0000
(012A) 0000  0000000000000000 (  25)                 .FILL x0000
(012B) 0000  0000000000000000 (  25)                 .FILL x0000
(012C) 0000  0000000000000000 (  25)                 .FILL x0000
(012D) 0000  0000000000000000 (  25)                 .FILL x0000
(012E) 0000  0000000000000000 (  25)                 .FILL x0000
(012F) 0000  0000000000000000 (  25)                 .FILL x0000
(0130) 0000  0000000000000000 (  25)                 .FILL x0000
(0131) 0000  0000000000000000 (  25)                 .FILL x0000
(0132) 0000  0000000000000000 (  25)                 .FILL x0000
(0133) 0000  0000000000000000 (  25)                 .FILL x0000
(0134) 0000  0000000000000000 (  25)                 .FILL x0000
(0135) 0000  0000000000000000 (  25)                 .FILL x0000
(0136) 0000  0000000000000000 (  25)                 .FILL x0000
(0137) 0000  0000000000000000 (  25)                 .FILL x0000
(0138) 0000  0000000000000000 (  25)                 .FILL x0000
(0139) 0000  0000000000000000 (  25)                 .FILL x0000
(013A) 0000  0000000000000000 (  25)                 .FILL x0000
(013B) 0000  0000000000000000 (  25)                 .FILL x0000
(013C) 0000  0000000000000000 (  25)                 .FILL x0000
(013D) 0000  0000000000000000 (  25)                 .FILL x0000
(013E) 0000  0000000000000000 (  25)                 .FILL x0000
(013F) 0000  0000000000000000 (  25)                 .FILL x0000
(0140) 0000  0000000000000000 (  25)                 .FILL x0000
(0141) 0000  0000000000000000 (  25)                 .FILL x0000
(0142) 0000  0000000000000000 (  25)                 .FILL x0000
(0143) 0000  0000000000000000 (  25)                 .FILL x0000
(0144) 0000  0000000000000000 (  25)                 .FILL x0000
(0145) 0000  0000000000000000 (  25)                 .FILL x0000
(0146) 0000  0000000000000000 (  25)                 .FILL x0000
(0147) 0000  0000000000000000 (  25)                 .FILL x0000
(0148) 0000  0000000000000000 (  25)                 .FILL x0000
(0149) 0000  0000000000000000 (  25)                 .FILL x0000
(014A) 0000  0000000000000000 (  25)                 .FILL x0000
(014B) 0000  0000000000000000 (  25)                 .FILL x0000
(014C) 0000  0000000000000000 (  25)                 .FILL x0000
(014D) 0000  0000000000000000 (  25)                 .FILL x0000
(014E) 0000  0000000000000000 (  25)                 .FILL x0000
(014F) 0000  0000000000000000 (  25)                 .FILL x0000
(0150) 0000  0000000000000000 (  25)                 .FILL x0000
(0151) 0000  0000000000000000 (  25)                 .FILL x0000
(0152) 0000  0000000000000000 (  25)                 .FILL x0000
(0153) 0000  0000000000000000 (  25)                 .FILL x0000
(0154) 0000  0000000000000000 (  25)                 .FILL x0000
(0155) 0000  0000000000000000 (  25)                 .FILL x0000
(0156) 0000  0000000000000000 (  25)                 .FILL x0000
(0157) 0000  0000000000000000 (  25)                 .FILL x0000
(0158) 0000  0000000000000000 (  25)                 .FILL x0000
(0159) 0000  0000000000000000 (  25)                 .FILL x0000
(015A) 0000  0000000000000000 (  25)                 .FILL x0000
(015B) 0000  0000000000000000 (  25)                 .FILL x0000
(015C) 0000  0000000000000000 (  25)                 .FILL x0000
(015D) 0000  0000000000000000 (  25)                 .FILL x0000
(015E) 0000  0000000000000000 (  25)                 .FILL x0000
(015F) 0000  0000000000000000 (  25)                 .FILL x0000
(0160) 0000  0000000000000000 (  25)                 .FILL x0000
(0161) 0000  0000000000000000 (  25)                 .FILL x0000
(0162) 0000  0000000000000000 (  25)                 .FILL x0000
(0163) 0000  0000000000000000 (  25)                 .FILL x0000
(0164) 0000  0000000000000000 (  25)                 .FILL x0000
(0165) 0000  0000000000000000 (  25)                 .FILL x0000
(0166) 0000  0000000000000000 (  25)                 .FILL x0000
(0167) 0000  0000000000000000 (  25)                 .FILL x0000
(0168) 0000  0000000000000000 (  25)                 .FILL x0000
(0169) 0000  0000000000000000 (  25)                 .FILL x0000
(016A) 0000  0000000000000000 (  25)                 .FILL x0000
(016B) 0000  0000000000000000 (  25)                 .FILL x0000
(016C) 0000  0000000000000000 (  25)                 .FILL x0000
(016D) 0000  0000000000000000 (  25)                 .FILL x0000
(016E) 0000  0000000000000000 (  25)                 .FILL x0000
(016F) 0000  0000000000000000 (  25)                 .FILL x0000
(0170) 0000  0000000000000000 (  25)                 .FILL x0000
(0171) 0000  0000000000000000 (  25)                 .FILL x0000
(0172) 0000  0000000000000000 (  25)                 .FILL x0000
(0173) 0000  0000000000000000 (  25)                 .FILL x0000
(0174) 0000  0000000000000000 (  25)                 .FILL x0000
(0175) 0000  0000000000000000 (  25)                 .FILL x0000
(0176) 0000  0000000000000000 (  25)                 .FILL x0000
(0177) 0000  0000000000000000 (  25)                 .FILL x0000
(0178) 0000  0000000000000000 (  25)                 .FILL x0000
(0179) 0000  0000000000000000 (  25)                 .FILL x0000
(017A) 0000  0000000000000000 (  25)                 .FILL x0000
(017B) 0000  0000000000000000 (  25)                 .FILL x0000
(017C) 0000  0000000000000000 (  25)                 .FILL x0000
(017D) 0000  0000000000000000 (  25)                 .FILL x0000
(017E) 0000  0000000000000000 (  25)                 .FILL x0000
(017F) 0000  0000000000000000 (  25)                 .FILL x0000
(0180) 0000  0000000000000000 (  25)                 .FILL x0000
(0181) 0000  0000000000000000 (  25)                 .FILL x0000
(0182) 0000  0000000000000000 (  25)                 .FILL x0000
(0183) 0000  0000000000000000 (  25)                 .FILL x0000
(0184) 0000  0000000000000000 (  25)                 .FILL x0000
(0185) 0000  0000000000000000 (  25)                 .FILL x0000
(0186) 0000  0000000000000000 (  25)                 .FILL x0000
(0187) 0000  0000000000000000 (  25)                 .FILL x0000
(0188) 0000  0000000000000000 (  25)                 .FILL x0000
(0189) 0000  0000000000000000 (  25)                 .FILL x0000
(018A) 0000  0000000000000000 (  25)                 .FILL x0000
(018B) 0000  0000000000000000 (  25)                 .FILL x0000
(018C) 0000  0000000000000000 (  25)                 .FILL x0000
(018D) 0000  0000000000000000 (  25)                 .FILL x0000
(018E) 0000  0000000000000000 (  25)                 .FILL x0000
(018F) 0000  0000000000000000 (  25)                 .FILL x0000
(0190) 0000  0000000000000000 (  25)                 .FILL x0000
(0191) 0000  0000000000000000 (  25)                 .FILL x0000
(0192) 0000  0000000000000000 (  25)                 .FILL x0000
(0193) 0000  0000000000000000 (  25)                 .FILL x0000
(0194) 0000  0000000000000000 (  25)                 .FILL x0000
(0195) 0000  0000000000000000 (  25)                 .FILL x0000
(0196) 0000  0000000000000000 (  25)                 .FILL x0000
(0197) 0000  0000000000000000 (  25)                 .FILL x0000
(0198) 0000  0000000000000000 (  25)                 .FILL x0000
(0199) 0000  0000000000000000 (  25)                 .FILL x0000
(019A) 0000  0000000000000000 (  25)                 .FILL x0000
(019B) 0000  0000000000000000 (  25)                 .FILL x0000
(019C) 0000  0000000000000000 (  25)                 .FILL x0000
(019D) 0000  0000000000000000 (  25)                 .FILL x0000
(019E) 0000  0000000000000000 (  25)                 .FILL x0000
(019F) 0000  0000000000000000 (  25)                 .FILL x0000
(01A0) 0000  0000000000000000 (  25)                 .FILL x0000
(01A1) 0000  0000000000000000 (  25)                 .FILL x0000
(01A2) 0000  0000000000000000 (  25)                 .FILL x0000
(01A3) 0000  0000000000000000 (  25)                 .FILL x0000
(01A4) 0000  0000000000000000 (  25)                 .FILL x0000
(01A5) 0000  0000000000000000 (  25)                 .FILL x0000
(01A6) 0000  0000000000000000 (  25)                 .FILL x0000
(01A7) 0000  0000000000000000 (  25)                 .FILL x0000
(01A8) 0000  0000000000000000 (  25)                 .FILL x0000
(01A9) 0000  0000000000000000 (  25)                 .FILL x0000
(01AA) 0000  0000000000000000 (  25)                 .FILL x0000
(01AB) 0000  0000000000000000 (  25)                 .FILL x0000
(01AC) 0000  0000000000000000 (  25)                 .FILL x0000
(01AD) 0000  0000000000000000 (  25)                 .FILL x0000
(01AE) 0000  0000000000000000 (  25)                 .FILL x0000
(01AF) 0000  0000000000000000 (  25)                 .FILL x0000
(01B0) 0000  0000000000000000 (  25)                 .FILL x0000
(01B1) 0000  0000000000000000 (  25)                 .FILL x0000
(01B2) 0000  0000000000000000 (  25)                 .FILL x0000
(01B3) 0000  0000000000000000 (  25)                 .FILL x0000
(01B4) 0000  0000000000000000 (  25)                 .FILL x0000
(01B5) 0000  0000000000000000 (  25)                 .FILL x0000
(01B6) 0000  0000000000000000 (  25)                 .FILL x0000
(01B7) 0000  0000000000000000 (  25)                 .FILL x0000
(01B8) 0000  0000000000000000 (  25)                 .FILL x0000
(01B9) 0000  0000000000000000 (  25)                 .FILL x0000
(01BA) 0000  0000000000000000 (  25)                 .FILL x0000
(01BB) 0000  0000000000000000 (  25)                 .FILL x0000
(01BC) 0000  0000000000000000 (  25)                 .FILL x0000
(01BD) 0000  0000000000000000 (  25)                 .FILL x0000
(01BE) 0000  0000000000000000 (  25)                 .FILL x0000
(01BF) 0000  0000000000000000 (  25)                 .FILL x0000
(01C0) 0000  0000000000000000 (  25)                 .FILL x0000
(01C1) 0000  0000000000000000 (  25)                 .FILL x0000
(01C2) 0000  0000000000000000 (  25)                 .FILL x0000
(01C3) 0000  0000000000000000 (  25)                 .FILL x0000
(01C4) 0000  0000000000000000 (  25)                 .FILL x0000
(01C5) 0000  0000000000000000 (  25)                 .FILL x0000
(01C6) 0000  0000000000000000 (  25)                 .FILL x0000
(01C7) 0000  0000000000000000 (  25)                 .FILL x0000
(01C8) 0000  0000000000000000 (  25)                 .FILL x0000
(01C9) 0000  0000000000000000 (  25)                 .FILL x0000
(01CA) 0000  0000000000000000 (  25)                 .FILL x0000
(01CB) 0000  0000000000000000 (  25)                 .FILL x0000
(01CC) 0000  0000000000000000 (  25)                 .FILL x0000
(01CD) 0000  0000000000000000 (  25)                 .FILL x0000
(01CE) 0000  0000000000000000 (  25)                 .FILL x0000
(01CF) 0000  0000000000000000 (  25)                 .FILL x0000
(01D0) 0000  0000000000000000 (  25)                 .FILL x0000
(01D1) 0000  0000000000000000 (  25)                 .FILL x0000
(01D2) 0000  0000000000000000 (  25)                 .FILL x0000
(01D3) 0000  0000000000000000 (  25)                 .FILL x0000
(01D4) 0000  0000000000000000 (  25)                 .FILL x0000
(01D5) 0000  0000000000000000 (  25)                 .FILL x0000
(01D6) 0000  0000000000000000 (  25)                 .FILL x0000
(01D7) 0000  0000000000000000 (  25)                 .FILL x0000
(01D8) 0000  0000000000000000 (  25)                 .FILL x0000
(01D9) 0000  0000000000000000 (  25)                 .FILL x0000
(01DA) 0000  0000000000000000 (  25)                 .FILL x0000
(01DB) 0000  0000000000000000 (  25)                 .FILL x0000
(01DC) 0000  0000000000000000 (  25)                 .FILL x0000
(01DD) 0000  0000000000000000 (  25)                 .FILL x0000
(01DE) 0000  0000000000000000 (  25)                 .FILL x0000
(01DF) 0000  0000000000000000 (  25)                 .FILL x0000
(01E0) 0000  0000000000000000 (  25)                 .FILL x0000
(01E1) 0000  0000000000000000 (  25)                 .FILL x0000
(01E2) 0000  0000000000000000 (  25)                 .FILL x0000
(01E3) 0000  0000000000000000 (  25)                 .FILL x0000
(01E4) 0000  0000000000000000 (  25)                 .FILL x0000
(01E5) 0000  0000000000000000 (  25)                 .FILL x0000
(01E6) 0000  0000000000000000 (  25)                 .FILL x0000
(01E7) 0000  0000000000000000 (  25)                 .FILL x0000
(01E8) 0000  0000000000000000 (  25)                 .FILL x0000
(01E9) 0000  0000000000000000 (  25)                 .FILL x0000
(01EA) 0000  0000000000000000 (  25)                 .FILL x0000
(01EB) 0000  0000000000000000 (  25)                 .FILL x0000
(01EC) 0000  0000000000000000 (  25)                 .FILL x0000
(01ED) 0000  0000000000000000 (  25)                 .FILL x0000
(01EE) 0000  0000000000000000 (  25)                 .FILL x0000
(01EF) 0000  0000000000000000 (  25)                 .FILL x0000
(01F0) 0000  0000000000000000 (  25)                 .FILL x0000
(01F1) 0000  0000000000000000 (  25)                 .FILL x0000
(01F2) 0000  0000000000000000 (  25)                 .FILL x0000
(01F3) 0000  0000000000000000 (  25)                 .FILL x0000
(01F4) 0000  0000000000000000 (  25)                 .FILL x0000
(01F5) 0000  0000000000000000 (  25)                 .FILL x0000
(01F6) 0000  0000000000000000 (  25)                 .FILL x0000
(01F7) 0000  0000000000000000 (  25)                 .FILL x0000
(01F8) 0000  0000000000000000 (  25)                 .FILL x0000
(01F9) 0000  0000000000000000 (  25)                 .FILL x0000
(01FA) 0000  0000000000000000 (  25)                 .FILL x0000
(01FB) 0000  0000000000000000 (  25)                 .FILL x0000
(01FC) 0000  0000000000000000 (  25)                 .FILL x0000
(01FD) 0000  0000000000000000 (  25)                 .FILL x0000
(01FE) 0000  0000000000000000 (  25)                 .FILL x0000
(01FF) 0000  0000000000000000 (  25)                 .FILL x0000
(0200) 1DBC  0001110110111100 (  25)                 ADD   R6 R6 #-4
(0201) 7380  0111001110000000 (  26)                 STR   R1 R6 #0
(0202) 7581  0111010110000001 (  27)                 STR   R2 R6 #1
(0203) 7782  0111011110000010 (  28)                 STR   R3 R6 #2
(0204) 7F83  0111111110000011 (  29)                 STR   R7 R6 #3
(0205) 1420  0001010000100000 (  30)                 ADD   R2 R0 #0
(0206) 56E0  0101011011100000 (  31)                 AND   R3 R3 #0
(0207) 16E4  0001011011100100 (  32)                 ADD   R3 R3 #4
(0208) 16FF  0001011011111111 (  33) x1D_LOOP        ADD   R3 R3 #-1
(0209) 0810  0000100000010000 (  34)                 BRN   x1D_LOOP_END
(020A) 12C3  0001001011000011 (  35)                 ADD   R1 R3 R3
(020B) 1241  0001001001000001 (  36)                 ADD   R1 R1 R1
(020C) 10A0  0001000010100000 (  37)                 ADD   R0 R2 #0
(020D) F01F  1111000000011111 (  38)                 TRAP  x1F
(020E) 2211  0010001000010001 (  39)                 LD    R1 MASK_4
(020F) 5001  0101000000000001 (  40)                 AND   R0 R0 R1
(0210) 1236  0001001000110110 (  41)                 ADD   R1 R0 #-10
(0211) 0803  0000100000000011 (  42)                 BRN   x1D_NUM
(0212) 200E  0010000000001110 (  43)                 LD    R0 ASCII_A
(0213) 1001  0001000000000001 (  44)                 ADD   R0 R0 R1
(0214) 0E02  0000111000000010 (  45)                 BRNZP x1D_ASCII_DONE
(0215) 220C  0010001000001100 (  46) x1D_NUM         LD    R1 ASCII_0
(0216) 1001  0001000000000001 (  47)                 ADD   R0 R0 R1
(0217) 12E0  0001001011100000 (  48) x1D_ASCII_DONE  ADD   R1 R3 #0
(0218) F022  1111000000100010 (  49)                 TRAP  x22
(0219) 0FEE  0000111111101110 (  50)                 BRNZP x1D_LOOP
(021A) 6380  0110001110000000 (  51) x1D_LOOP_END    LDR   R1 R6 #0
(021B) 6581  0110010110000001 (  52)                 LDR   R2 R6 #1
(021C) 6782  0110011110000010 (  53)                 LDR   R3 R6 #2
(021D) 6F83  0110111110000011 (  54)                 LDR   R7 R6 #3
(021E) 1DA4  0001110110100100 (  55)                 ADD   R6 R6 #4
(021F) C1C0  1100000111000000 (  56)                 RET   
(0220) 000F  0000000000001111 (  57) MASK_4          .FILL x000F
(0221) 0041  0000000001000001 (  58) ASCII_A         .FILL x0041
(0222) 0030  0000000000110000 (  59) ASCII_0         .FILL x0030
(0223) 927F  1001001001111111 (  63)                 NOT   R1 R1
(0224) 1261  0001001001100001 (  64)                 ADD   R1 R1 #1
(0225) 1268  0001001001101000 (  65)                 ADD   R1 R1 #8
(0226) 1268  0001001001101000 (  66)                 ADD   R1 R1 #8
(0227) 127F  0001001001111111 (  67) x1E_LOOP        ADD   R1 R1 #-1
(0228) 0802  0000100000000010 (  68)                 BRN   x1E_LOOP_END
(0229) 1000  0001000000000000 (  69)                 ADD   R0 R0 R0
(022A) 0FFC  0000111111111100 (  70)                 BRNZP x1E_LOOP
(022B) C1C0  1100000111000000 (  71) x1E_LOOP_END    RET   
(022C) 1DBB  0001110110111011 (  75)                 ADD   R6 R6 #-5
(022D) 7380  0111001110000000 (  76)                 STR   R1 R6 #0
(022E) 7581  0111010110000001 (  77)                 STR   R2 R6 #1
(022F) 7782  0111011110000010 (  78)                 STR   R3 R6 #2
(0230) 7983  0111100110000011 (  79)                 STR   R4 R6 #3
(0231) 7B84  0111101110000100 (  80)                 STR   R5 R6 #4
(0232) 5B60  0101101101100000 (  81)                 AND   R5 R5 #0
(0233) 927F  1001001001111111 (  82)                 NOT   R1 R1
(0234) 1261  0001001001100001 (  83)                 ADD   R1 R1 #1
(0235) 1668  0001011001101000 (  84)                 ADD   R3 R1 #8
(0236) 16E8  0001011011101000 (  85)                 ADD   R3 R3 #8
(0237) E413  1110010000010011 (  86)                 LEA   R2 MASK_1
(0238) 14AF  0001010010101111 (  87)                 ADD   R2 R2 #15
(0239) 16FF  0001011011111111 (  88) x1F_LOOP        ADD   R3 R3 #-1
(023A) 0808  0000100000001000 (  89)                 BRN   x1F_LOOP_END
(023B) 6880  0110100010000000 (  90)                 LDR   R4 R2 #0
(023C) 5804  0101100000000100 (  91)                 AND   R4 R0 R4
(023D) 0403  0000010000000011 (  92)                 BRZ   x1F_ADD_DONE
(023E) 1881  0001100010000001 (  93)                 ADD   R4 R2 R1
(023F) 6900  0110100100000000 (  94)                 LDR   R4 R4 #0
(0240) 1B44  0001101101000100 (  95)                 ADD   R5 R5 R4
(0241) 14BF  0001010010111111 (  96) x1F_ADD_DONE    ADD   R2 R2 #-1
(0242) 0FF6  0000111111110110 (  97)                 BRNZP x1F_LOOP
(0243) 1160  0001000101100000 (  98) x1F_LOOP_END    ADD   R0 R5 #0
(0244) 6380  0110001110000000 (  99)                 LDR   R1 R6 #0
(0245) 6581  0110010110000001 ( 100)                 LDR   R2 R6 #1
(0246) 6782  0110011110000010 ( 101)                 LDR   R3 R6 #2
(0247) 6983  0110100110000011 ( 102)                 LDR   R4 R6 #3
(0248) 6B84  0110101110000100 ( 103)                 LDR   R5 R6 #4
(0249) 1DA5  0001110110100101 ( 104)                 ADD   R6 R6 #5
(024A) C1C0  1100000111000000 ( 105)                 RET   
(024B) 0001  0000000000000001 ( 106) MASK_1          .FILL x0001
(024C) 0002  0000000000000010 ( 107)                 .FILL x0002
(024D) 0004  0000000000000100 ( 108)                 .FILL x0004
(024E) 0008  0000000000001000 ( 109)                 .FILL x0008
(024F) 0010  0000000000010000 ( 110)                 .FILL x0010
(0250) 0020  0000000000100000 ( 111)                 .FILL x0020
(0251) 0040  0000000001000000 ( 112)                 .FILL x0040
(0252) 0080  0000000010000000 ( 113)                 .FILL x0080
(0253) 0100  0000000100000000 ( 114)                 .FILL x0100
(0254) 0200  0000001000000000 ( 115)                 .FILL x0200
(0255) 0400  0000010000000000 ( 116)                 .FILL x0400
(0256) 0800  0000100000000000 ( 117)                 .FILL x0800
(0257) 1000  0001000000000000 ( 118)                 .FILL x1000
(0258) 2000  0010000000000000 ( 119)                 .FILL x2000
(0259) 4000  0100000000000000 ( 120)                 .FILL x4000
(025A) 8000  1000000000000000 ( 121)                 .FILL x8000
(025B) 1DBF  0001110110111111 ( 123)                 ADD   R6 R6 #-1
(025C) 7380  0111001110000000 ( 124)                 STR   R1 R6 #0
(025D) 2213  0010001000010011 ( 125)                 LD    R1 KBSR_ADDR
(025E) 6040  0110000001000000 ( 126) LOOP0           LDR   R0 R1 #0
(025F) 07FE  0000011111111110 ( 127)                 BRZP  LOOP0
(0260) 2004  0010000000000100 ( 128)                 LD    R0 KBDR_ADDR
(0261) 6000  0110000000000000 ( 129)                 LDR   R0 R0 #0
(0262) 6380  0110001110000000 ( 130)                 LDR   R1 R6 #0
(0263) 1DA1  0001110110100001 ( 131)                 ADD   R6 R6 #1
(0264) C1C0  1100000111000000 ( 132)                 RET   
(0265) 7E02  0111111000000010 ( 133) KBDR_ADDR       .FILL x7E02
(0266) 1DBF  0001110110111111 ( 135)                 ADD   R6 R6 #-1
(0267) 7F80  0111111110000000 ( 136)                 STR   R7 R6 #0
(0268) F020  1111000000100000 ( 137) LOOP2           TRAP  x20
(0269) 103F  0001000000111111 ( 138)                 ADD   R0 R0 #-1
(026A) 0BFD  0000101111111101 ( 139)                 BRNP  LOOP2
(026B) 2004  0010000000000100 ( 140)                 LD    R0 SW_ADDR
(026C) 6000  0110000000000000 ( 141)                 LDR   R0 R0 #0
(026D) 6F80  0110111110000000 ( 142)                 LDR   R7 R6 #0
(026E) 1DA1  0001110110100001 ( 143)                 ADD   R6 R6 #1
(026F) C1C0  1100000111000000 ( 144)                 RET   
(0270) 7E08  0111111000001000 ( 145) SW_ADDR         .FILL x7E08
(0271) 7E00  0111111000000000 ( 146) KBSR_ADDR       .FILL x7E00
(0272) 1DBF  0001110110111111 ( 150)                 ADD   R6 R6 #-1
(0273) 7580  0111010110000000 ( 151)                 STR   R2 R6 #0
(0274) 240C  0010010000001100 ( 152)                 LD    R2 P
(0275) 127F  0001001001111111 ( 153) LOOP3           ADD   R1 R1 #-1
(0276) 0802  0000100000000010 ( 154)                 BRN   LOOP4
(0277) 1002  0001000000000010 ( 155)                 ADD   R0 R0 R2
(0278) 0FFC  0000111111111100 ( 156)                 BRNZP LOOP3
(0279) 2208  0010001000001000 ( 157) LOOP4           LD    R1 DSR_ADDR
(027A) 6240  0110001001000000 ( 158)                 LDR   R1 R1 #0
(027B) 07FD  0000011111111101 ( 159)                 BRZP  LOOP4
(027C) 2206  0010001000000110 ( 160)                 LD    R1 DDR_ADDR
(027D) 7040  0111000001000000 ( 161)                 STR   R0 R1 #0
(027E) 6580  0110010110000000 ( 162)                 LDR   R2 R6 #0
(027F) 1DA1  0001110110100001 ( 163)                 ADD   R6 R6 #1
(0280) C1C0  1100000111000000 ( 164)                 RET   
(0281) 4000  0100000000000000 ( 165) P               .FILL x4000
(0282) 7E04  0111111000000100 ( 166) DSR_ADDR        .FILL x7E04
(0283) 7E06  0111111000000110 ( 167) DDR_ADDR        .FILL x7E06
(0284) 1DBC  0001110110111100 ( 170)                 ADD   R6 R6 #-4
(0285) 7380  0111001110000000 ( 171)                 STR   R1 R6 #0
(0286) 7581  0111010110000001 ( 172)                 STR   R2 R6 #1
(0287) 7782  0111011110000010 ( 173)                 STR   R3 R6 #2
(0288) 7F83  0111111110000011 ( 174)                 STR   R7 R6 #3
(0289) 1420  0001010000100000 ( 175)                 ADD   R2 R0 #0
(028A) 56E0  0101011011100000 ( 176)                 AND   R3 R3 #0
(028B) 16E4  0001011011100100 ( 177)                 ADD   R3 R3 #4
(028C) 16FF  0001011011111111 ( 178) LOOP5           ADD   R3 R3 #-1
(028D) 0805  0000100000000101 ( 179)                 BRN   LOOP5_END
(028E) 6080  0110000010000000 ( 180)                 LDR   R0 R2 #0
(028F) 12E0  0001001011100000 ( 181)                 ADD   R1 R3 #0
(0290) F022  1111000000100010 ( 182)                 TRAP  x22
(0291) 14A1  0001010010100001 ( 183)                 ADD   R2 R2 #1
(0292) 0FF9  0000111111111001 ( 184)                 BRNZP LOOP5
(0293) 6380  0110001110000000 ( 185) LOOP5_END       LDR   R1 R6 #0
(0294) 6581  0110010110000001 ( 186)                 LDR   R2 R6 #1
(0295) 6782  0110011110000010 ( 187)                 LDR   R3 R6 #2
(0296) 6F83  0110111110000011 ( 188)                 LDR   R7 R6 #3
(0297) 1DA4  0001110110100100 ( 189)                 ADD   R6 R6 #4
(0298) C1C0  1100000111000000 ( 190)                 RET   
(0299) 1DBE  0001110110111110 ( 192)                 ADD   R6 R6 #-2
(029A) 7380  0111001110000000 ( 193)                 STR   R1 R6 #0
(029B) 7F81  0111111110000001 ( 194)                 STR   R7 R6 #1
(029C) E008  1110000000001000 ( 195)                 LEA   R0 IN_STR
(029D) F023  1111000000100011 ( 196)                 TRAP  x23
(029E) F021  1111000000100001 ( 197)                 TRAP  x21
(029F) 5260  0101001001100000 ( 198)                 AND   R1 R1 #0
(02A0) F022  1111000000100010 ( 199)                 TRAP  x22
(02A1) 6380  0110001110000000 ( 200)                 LDR   R1 R6 #0
(02A2) 6F81  0110111110000001 ( 201)                 LDR   R7 R6 #1
(02A3) 1DA2  0001110110100010 ( 202)                 ADD   R6 R6 #2
(02A4) C1C0  1100000111000000 ( 203)                 RET   
(02A5) 0069  0000000001101001 ( 204) IN_STR          .FILL x0069
(02A6) 006E  0000000001101110 ( 205)                 .FILL x006E
(02A7) 003D  0000000000111101 ( 206)                 .FILL x003D
(02A8) 0000  0000000000000000 ( 207)                 .FILL x0000
(02A9) 1DBE  0001110110111110 ( 209)                 ADD   R6 R6 #-2
(02AA) 7180  0111000110000000 ( 210)                 STR   R0 R6 #0
(02AB) 7F81  0111111110000001 ( 211)                 STR   R7 R6 #1
(02AC) E008  1110000000001000 ( 212)                 LEA   R0 HALT_STR
(02AD) F023  1111000000100011 ( 213)                 TRAP  x23
(02AE) F020  1111000000100000 ( 214) LOOP6           TRAP  x20
(02AF) 103F  0001000000111111 ( 215)                 ADD   R0 R0 #-1
(02B0) 0BFD  0000101111111101 ( 216)                 BRNP  LOOP6
(02B1) 6180  0110000110000000 ( 217)                 LDR   R0 R6 #0
(02B2) 6F81  0110111110000001 ( 218)                 LDR   R7 R6 #1
(02B3) 1DA2  0001110110100010 ( 219)                 ADD   R6 R6 #2
(02B4) C1C0  1100000111000000 ( 220)                 RET   
(02B5) 0048  0000000001001000 ( 221) HALT_STR        .FILL x0048
(02B6) 0041  0000000001000001 ( 222)                 .FILL x0041
(02B7) 004C  0000000001001100 ( 223)                 .FILL x004C
(02B8) 0054  0000000001010100 ( 224)                 .FILL x0054
(02B9) 1DBC  0001110110111100 ( 226)                 ADD   R6 R6 #-4
(02BA) 7380  0111001110000000 ( 227)                 STR   R1 R6 #0
(02BB) 7581  0111010110000001 ( 228)                 STR   R2 R6 #1
(02BC) 7782  0111011110000010 ( 229)                 STR   R3 R6 #2
(02BD) 7F83  0111111110000011 ( 230)                 STR   R7 R6 #3
(02BE) 1220  0001001000100000 ( 231)                 ADD   R1 R0 #0
(02BF) 1DBC  0001110110111100 ( 232)                 ADD   R6 R6 #-4
(02C0) 11A0  0001000110100000 ( 233) LOOP7           ADD   R0 R6 #0
(02C1) 54A0  0101010010100000 ( 234)                 AND   R2 R2 #0
(02C2) 7400  0111010000000000 ( 235)                 STR   R2 R0 #0
(02C3) 7401  0111010000000001 ( 236)                 STR   R2 R0 #1
(02C4) 7402  0111010000000010 ( 237)                 STR   R2 R0 #2
(02C5) 7403  0111010000000011 ( 238)                 STR   R2 R0 #3
(02C6) 14A4  0001010010100100 ( 239)                 ADD   R2 R2 #4
(02C7) 14BF  0001010010111111 ( 240) LOOP8           ADD   R2 R2 #-1
(02C8) 0806  0000100000000110 ( 241)                 BRN   LOOP8_END
(02C9) 6640  0110011001000000 ( 242)                 LDR   R3 R1 #0
(02CA) 0404  0000010000000100 ( 243)                 BRZ   LOOP8_END
(02CB) 7600  0111011000000000 ( 244)                 STR   R3 R0 #0
(02CC) 1021  0001000000100001 ( 245)                 ADD   R0 R0 #1
(02CD) 1261  0001001001100001 ( 246)                 ADD   R1 R1 #1
(02CE) 0FF8  0000111111111000 ( 247)                 BRNZP LOOP8
(02CF) 11A0  0001000110100000 ( 248) LOOP8_END       ADD   R0 R6 #0
(02D0) F023  1111000000100011 ( 249)                 TRAP  x23
(02D1) F021  1111000000100001 ( 250)                 TRAP  x21
(02D2) 6440  0110010001000000 ( 251)                 LDR   R2 R1 #0
(02D3) 0BEC  0000101111101100 ( 252)                 BRNP  LOOP7
(02D4) 1DA4  0001110110100100 ( 253)                 ADD   R6 R6 #4
(02D5) 6380  0110001110000000 ( 254)                 LDR   R1 R6 #0
(02D6) 6581  0110010110000001 ( 255)                 LDR   R2 R6 #1
(02D7) 6782  0110011110000010 ( 256)                 LDR   R3 R6 #2
(02D8) 6F83  0110111110000011 ( 257)                 LDR   R7 R6 #3
(02D9) 1DA4  0001110110100100 ( 258)                 ADD   R6 R6 #4
(02DA) C1C0  1100000111000000 ( 259)                 RET   
(02DB) 1DBF  0001110110111111 ( 261)                 ADD   R6 R6 #-1
(02DC) 7380  0111001110000000 ( 262)                 STR   R1 R6 #0
(02DD) 103F  0001000000111111 ( 263) LOOP9           ADD   R0 R0 #-1
(02DE) 0805  0000100000000101 ( 264)                 BRN   LOOP9_END
(02DF) 2207  0010001000000111 ( 265)                 LD    R1 MILLISEC
(02E0) 127F  0001001001111111 ( 266) LOOP10          ADD   R1 R1 #-1
(02E1) 0801  0000100000000001 ( 267)                 BRN   LOOP10_END
(02E2) 0FFD  0000111111111101 ( 268)                 BRNZP LOOP10
(02E3) 0FF9  0000111111111001 ( 269) LOOP10_END      BRNZP LOOP9
(02E4) 6380  0110001110000000 ( 270) LOOP9_END       LDR   R1 R6 #0
(02E5) 1DA1  0001110110100001 ( 271)                 ADD   R6 R6 #1
(02E6) C1C0  1100000111000000 ( 272)                 RET   
(02E7) 11C0  0001000111000000 ( 273) MILLISEC        .FILL x11C0
(02E8) 1DBF  0001110110111111 ( 275)                 ADD   R6 R6 #-1
(02E9) 7180  0111000110000000 ( 276)                 STR   R0 R6 #0
(02EA) A08B  1010000010001011 ( 277) LOOP11          LDI   R0 SDA_BUS_ADDR
(02EB) 05FE  0000010111111110 ( 278)                 BRZ   LOOP11
(02EC) A08B  1010000010001011 ( 279)                 LDI   R0 SCL_BUS_ADDR
(02ED) 05FC  0000010111111100 ( 280)                 BRZ   LOOP11
(02EE) 208A  0010000010001010 ( 282)                 LD    R0 ONE
(02EF) B084  1011000010000100 ( 283)                 STI   R0 SDAER_ADDR
(02F0) 2089  0010000010001001 ( 284)                 LD    R0 ZERO
(02F1) B083  1011000010000011 ( 285)                 STI   R0 SDADR_ADDR
(02F2) 2086  0010000010000110 ( 287)                 LD    R0 ONE
(02F3) B083  1011000010000011 ( 288)                 STI   R0 SCLER_ADDR
(02F4) 6180  0110000110000000 ( 289)                 LDR   R0 R6 #0
(02F5) 1DA1  0001110110100001 ( 290)                 ADD   R6 R6 #1
(02F6) C1C0  1100000111000000 ( 291)                 RET   
(02F7) 1DBC  0001110110111100 ( 293)                 ADD   R6 R6 #-4
(02F8) 7380  0111001110000000 ( 294)                 STR   R1 R6 #0
(02F9) 7581  0111010110000001 ( 295)                 STR   R2 R6 #1
(02FA) 7782  0111011110000010 ( 296)                 STR   R3 R6 #2
(02FB) 7F83  0111111110000011 ( 297)                 STR   R7 R6 #3
(02FC) 227C  0010001001111100 ( 298)                 LD    R1 ONE
(02FD) B276  1011001001110110 ( 299)                 STI   R1 SDAER_ADDR
(02FE) E34C  1110001101001100 ( 300)                 LEA   R1 MASK_1
(02FF) 56E0  0101011011100000 ( 301)                 AND   R3 R3 #0
(0300) 16E8  0001011011101000 ( 302)                 ADD   R3 R3 #8
(0301) 16FF  0001011011111111 ( 303) LOOP12          ADD   R3 R3 #-1
(0302) 0809  0000100000001001 ( 304)                 BRN   LOOP12_END
(0303) 1443  0001010001000011 ( 305)                 ADD   R2 R1 R3
(0304) 6480  0110010010000000 ( 306)                 LDR   R2 R2 #0
(0305) 5480  0101010010000000 ( 307)                 AND   R2 R2 R0
(0306) 0401  0000010000000001 ( 308)                 BRZ   SET_SDADR
(0307) 2471  0010010001110001 ( 309)                 LD    R2 ONE
(0308) 4864  0100100001100100 ( 311) SET_SDADR       JSR   WAIT_SCL_L
(0309) B46B  1011010001101011 ( 312)                 STI   R2 SDADR_ADDR
(030A) 485B  0100100001011011 ( 313)                 JSR   WAIT_SCL_H
(030B) 0FF5  0000111111110101 ( 314)                 BRNZP LOOP12
(030C) 4860  0100100001100000 ( 315) LOOP12_END      JSR   WAIT_SCL_L
(030D) 226C  0010001001101100 ( 316)                 LD    R1 ZERO
(030E) B265  1011001001100101 ( 317)                 STI   R1 SDAER_ADDR
(030F) 6380  0110001110000000 ( 318)                 LDR   R1 R6 #0
(0310) 6581  0110010110000001 ( 319)                 LDR   R2 R6 #1
(0311) 6782  0110011110000010 ( 320)                 LDR   R3 R6 #2
(0312) 6F83  0110111110000011 ( 321)                 LDR   R7 R6 #3
(0313) 1DA4  0001110110100100 ( 322)                 ADD   R6 R6 #4
(0314) C1C0  1100000111000000 ( 323)                 RET   
(0315) 1DBE  0001110110111110 ( 325)                 ADD   R6 R6 #-2
(0316) 7380  0111001110000000 ( 326)                 STR   R1 R6 #0
(0317) 7F81  0111111110000001 ( 327)                 STR   R7 R6 #1
(0318) 484D  0100100001001101 ( 328)                 JSR   WAIT_SCL_H
(0319) A05C  1010000001011100 ( 329)                 LDI   R0 SDA_BUS_ADDR
(031A) 4852  0100100001010010 ( 330)                 JSR   WAIT_SCL_L
(031B) 6380  0110001110000000 ( 336)                 LDR   R1 R6 #0
(031C) 6F81  0110111110000001 ( 337)                 LDR   R7 R6 #1
(031D) 1DA2  0001110110100010 ( 338)                 ADD   R6 R6 #2
(031E) C1C0  1100000111000000 ( 339)                 RET   
(031F) 1DBC  0001110110111100 ( 341)                 ADD   R6 R6 #-4
(0320) 7380  0111001110000000 ( 342)                 STR   R1 R6 #0
(0321) 7581  0111010110000001 ( 343)                 STR   R2 R6 #1
(0322) 7782  0111011110000010 ( 344)                 STR   R3 R6 #2
(0323) 7F83  0111111110000011 ( 345)                 STR   R7 R6 #3
(0324) 5020  0101000000100000 ( 346)                 AND   R0 R0 #0
(0325) E325  1110001100100101 ( 347)                 LEA   R1 MASK_1
(0326) 56E0  0101011011100000 ( 348)                 AND   R3 R3 #0
(0327) 16E8  0001011011101000 ( 349)                 ADD   R3 R3 #8
(0328) 16FF  0001011011111111 ( 350) LOOP13          ADD   R3 R3 #-1
(0329) 0808  0000100000001000 ( 351)                 BRN   LOOP13_END
(032A) 483B  0100100000111011 ( 352)                 JSR   WAIT_SCL_H
(032B) A44A  1010010001001010 ( 353)                 LDI   R2 SDA_BUS_ADDR
(032C) 0403  0000010000000011 ( 354)                 BRZ   ADD_DONE
(032D) 1443  0001010001000011 ( 355)                 ADD   R2 R1 R3
(032E) 6480  0110010010000000 ( 356)                 LDR   R2 R2 #0
(032F) 1002  0001000000000010 ( 357)                 ADD   R0 R0 R2
(0330) 483C  0100100000111100 ( 358) ADD_DONE        JSR   WAIT_SCL_L
(0331) 0FF6  0000111111110110 ( 359)                 BRNZP LOOP13
(0332) 6380  0110001110000000 ( 360) LOOP13_END      LDR   R1 R6 #0
(0333) 6581  0110010110000001 ( 361)                 LDR   R2 R6 #1
(0334) 6782  0110011110000010 ( 362)                 LDR   R3 R6 #2
(0335) 6F83  0110111110000011 ( 363)                 LDR   R7 R6 #3
(0336) 1DA4  0001110110100100 ( 364)                 ADD   R6 R6 #4
(0337) C1C0  1100000111000000 ( 365)                 RET   
(0338) 1DBE  0001110110111110 ( 367)                 ADD   R6 R6 #-2
(0339) 7180  0111000110000000 ( 368)                 STR   R0 R6 #0
(033A) 7F81  0111111110000001 ( 369)                 STR   R7 R6 #1
(033B) 203D  0010000000111101 ( 370)                 LD    R0 ONE
(033C) B037  1011000000110111 ( 371)                 STI   R0 SDAER_ADDR
(033D) 203C  0010000000111100 ( 372)                 LD    R0 ZERO
(033E) B036  1011000000110110 ( 373)                 STI   R0 SDADR_ADDR
(033F) 4826  0100100000100110 ( 374)                 JSR   WAIT_SCL_H
(0340) 2038  0010000000111000 ( 375)                 LD    R0 ONE
(0341) B033  1011000000110011 ( 376)                 STI   R0 SDADR_ADDR
(0342) 2037  0010000000110111 ( 377)                 LD    R0 ZERO
(0343) B030  1011000000110000 ( 378)                 STI   R0 SDAER_ADDR
(0344) B032  1011000000110010 ( 379)                 STI   R0 SCLER_ADDR
(0345) 6180  0110000110000000 ( 380)                 LDR   R0 R6 #0
(0346) 6F81  0110111110000001 ( 381)                 LDR   R7 R6 #1
(0347) 1DA2  0001110110100010 ( 382)                 ADD   R6 R6 #2
(0348) C1C0  1100000111000000 ( 383)                 RET   
(0349) 1DBE  0001110110111110 ( 385)                 ADD   R6 R6 #-2
(034A) 7180  0111000110000000 ( 386)                 STR   R0 R6 #0
(034B) 7F81  0111111110000001 ( 387)                 STR   R7 R6 #1
(034C) 202C  0010000000101100 ( 388)                 LD    R0 ONE
(034D) B026  1011000000100110 ( 389)                 STI   R0 SDAER_ADDR
(034E) B026  1011000000100110 ( 390)                 STI   R0 SDADR_ADDR
(034F) 4816  0100100000010110 ( 391)                 JSR   WAIT_SCL_H
(0350) 481C  0100100000011100 ( 392)                 JSR   WAIT_SCL_L
(0351) 2028  0010000000101000 ( 393)                 LD    R0 ZERO
(0352) B021  1011000000100001 ( 394)                 STI   R0 SDAER_ADDR
(0353) 6180  0110000110000000 ( 395)                 LDR   R0 R6 #0
(0354) 6F81  0110111110000001 ( 396)                 LDR   R7 R6 #1
(0355) 1DA2  0001110110100010 ( 397)                 ADD   R6 R6 #2
(0356) C1C0  1100000111000000 ( 398)                 RET   
(0357) 1DBE  0001110110111110 ( 400)                 ADD   R6 R6 #-2
(0358) 7180  0111000110000000 ( 401)                 STR   R0 R6 #0
(0359) 7F81  0111111110000001 ( 402)                 STR   R7 R6 #1
(035A) 201E  0010000000011110 ( 403)                 LD    R0 ONE
(035B) B018  1011000000011000 ( 404)                 STI   R0 SDAER_ADDR
(035C) 201D  0010000000011101 ( 405)                 LD    R0 ZERO
(035D) B017  1011000000010111 ( 406)                 STI   R0 SDADR_ADDR
(035E) 4807  0100100000000111 ( 407)                 JSR   WAIT_SCL_H
(035F) 480D  0100100000001101 ( 408)                 JSR   WAIT_SCL_L
(0360) 2019  0010000000011001 ( 409)                 LD    R0 ZERO
(0361) B012  1011000000010010 ( 410)                 STI   R0 SDAER_ADDR
(0362) 6180  0110000110000000 ( 411)                 LDR   R0 R6 #0
(0363) 6F81  0110111110000001 ( 412)                 LDR   R7 R6 #1
(0364) 1DA2  0001110110100010 ( 413)                 ADD   R6 R6 #2
(0365) C1C0  1100000111000000 ( 414)                 RET   
(0366) 1DBF  0001110110111111 ( 416) WAIT_SCL_H      ADD   R6 R6 #-1
(0367) 7180  0111000110000000 ( 417)                 STR   R0 R6 #0
(0368) A00F  1010000000001111 ( 418) SCL_LOW         LDI   R0 SCL_BUS_ADDR
(0369) 05FE  0000010111111110 ( 419)                 BRZ   SCL_LOW
(036A) 6180  0110000110000000 ( 420)                 LDR   R0 R6 #0
(036B) 1DA1  0001110110100001 ( 421)                 ADD   R6 R6 #1
(036C) C1C0  1100000111000000 ( 422)                 RET   
(036D) 1DBF  0001110110111111 ( 423) WAIT_SCL_L      ADD   R6 R6 #-1
(036E) 7180  0111000110000000 ( 424)                 STR   R0 R6 #0
(036F) A008  1010000000001000 ( 425) SCL_HIGH        LDI   R0 SCL_BUS_ADDR
(0370) 03FE  0000001111111110 ( 426)                 BRP   SCL_HIGH
(0371) 6180  0110000110000000 ( 427)                 LDR   R0 R6 #0
(0372) 1DA1  0001110110100001 ( 428)                 ADD   R6 R6 #1
(0373) C1C0  1100000111000000 ( 429)                 RET   
(0374) 7E0A  0111111000001010 ( 431) SDAER_ADDR      .FILL x7E0A
(0375) 7E0C  0111111000001100 ( 432) SDADR_ADDR      .FILL x7E0C
(0376) 7E0E  0111111000001110 ( 433) SDA_BUS_ADDR    .FILL x7E0E
(0377) 7E10  0111111000010000 ( 434) SCLER_ADDR      .FILL x7E10
(0378) 7E12  0111111000010010 ( 435) SCL_BUS_ADDR    .FILL x7E12
(0379) 0001  0000000000000001 ( 436) ONE             .FILL x0001
(037A) 0000  0000000000000000 ( 437) ZERO            .FILL x0000
